2026-04-21 05:57:33.002 [main] INFO  [] c.c.registry.SecurityConfigTest - Starting SecurityConfigTest using Java 17.0.12 with PID 33164 (started by AP's_Lappy in D:\ConnectHub\connecthub-backend\service-registry)
2026-04-21 05:57:33.019 [main] INFO  [] c.c.registry.SecurityConfigTest - No active profile set, falling back to 1 default profile: "default"
2026-04-21 05:57:36.785 [main] INFO  [] o.s.cloud.context.scope.GenericScope - BeanFactory id=9c3b6b0e-d8ae-38c4-8095-9bd1f54a2639
2026-04-21 05:57:37.177 [main] WARN  [] o.s.c.s.PostProcessorRegistrationDelegate$BeanPostProcessorChecker - Bean 'org.springframework.cloud.client.loadbalancer.LoadBalancerAutoConfiguration$DeferringLoadBalancerInterceptorConfig' of type [org.springframework.cloud.client.loadbalancer.LoadBalancerAutoConfiguration$DeferringLoadBalancerInterceptorConfig] is not eligible for getting processed by all BeanPostProcessors (for example: not eligible for auto-proxying). The currently created BeanPostProcessor [lbRestClientPostProcessor] is declared through a non-static factory method on that class; consider declaring it as static instead.
2026-04-21 05:57:37.186 [main] WARN  [] o.s.c.s.PostProcessorRegistrationDelegate$BeanPostProcessorChecker - Bean 'deferringLoadBalancerInterceptor' of type [org.springframework.cloud.client.loadbalancer.DeferringLoadBalancerInterceptor] is not eligible for getting processed by all BeanPostProcessors (for example: not eligible for auto-proxying). Is this bean getting eagerly injected into a currently created BeanPostProcessor [lbRestClientPostProcessor]? Check the corresponding BeanPostProcessor declaration and its dependencies.
2026-04-21 05:57:37.932 [main] INFO  [] o.s.b.w.e.tomcat.TomcatWebServer - Tomcat initialized with port 0 (http)
2026-04-21 05:57:37.958 [main] INFO  [] o.a.coyote.http11.Http11NioProtocol - Initializing ProtocolHandler ["http-nio-auto-1"]
2026-04-21 05:57:37.962 [main] INFO  [] o.a.catalina.core.StandardService - Starting service [Tomcat]
2026-04-21 05:57:37.963 [main] INFO  [] o.a.catalina.core.StandardEngine - Starting Servlet engine: [Apache Tomcat/10.1.20]
2026-04-21 05:57:38.155 [main] INFO  [] o.a.c.c.C.[Tomcat].[localhost].[/] - Initializing Spring embedded WebApplicationContext
2026-04-21 05:57:38.156 [main] INFO  [] o.s.b.w.s.c.ServletWebServerApplicationContext - Root WebApplicationContext: initialization completed in 5037 ms
2026-04-21 05:57:46.124 [main] INFO  [] o.s.b.a.e.web.EndpointLinksResolver - Exposing 3 endpoint(s) beneath base path '/actuator'
2026-04-21 05:57:46.350 [main] INFO  [] o.s.s.web.DefaultSecurityFilterChain - Will secure any request with [org.springframework.security.web.session.DisableEncodeUrlFilter@1fa21cb8, org.springframework.security.web.context.request.async.WebAsyncManagerIntegrationFilter@491a40f, org.springframework.security.web.context.SecurityContextHolderFilter@2b503b3b, org.springframework.security.web.header.HeaderWriterFilter@28a17e1, org.springframework.web.filter.CorsFilter@22604e1c, org.springframework.security.web.authentication.logout.LogoutFilter@1d632e54, org.springframework.security.web.savedrequest.RequestCacheAwareFilter@6ea7fdc5, org.springframework.security.web.servletapi.SecurityContextHolderAwareRequestFilter@238015c9, org.springframework.security.web.authentication.AnonymousAuthenticationFilter@606ab1f0, org.springframework.security.web.access.ExceptionTranslationFilter@63a99300, org.springframework.security.web.access.intercept.AuthorizationFilter@f329350]
2026-04-21 05:57:48.354 [main] WARN  [] o.s.c.l.c.LoadBalancerCacheAutoConfiguration$LoadBalancerCaffeineWarnLogger - Spring Cloud LoadBalancer is currently working with the default cache. While this cache implementation is useful for development and tests, it's recommended to use Caffeine cache in production.You can switch to using Caffeine cache, by adding it and org.springframework.cache.caffeine.CaffeineCacheManager to the classpath.
2026-04-21 05:57:48.387 [main] INFO  [] o.s.c.n.eureka.InstanceInfoFactory - Setting initial instance status as: STARTING
2026-04-21 05:57:49.199 [main] INFO  [] o.a.coyote.http11.Http11NioProtocol - Starting ProtocolHandler ["http-nio-auto-1"]
2026-04-21 05:57:49.231 [Thread-11] INFO  [] o.s.c.n.e.s.EurekaServerBootstrap - isAws returned false
2026-04-21 05:57:49.234 [Thread-11] INFO  [] o.s.c.n.e.s.EurekaServerBootstrap - Initialized server context
2026-04-21 05:57:49.263 [Thread-11] INFO  [] o.s.c.n.e.s.EurekaServerInitializerConfiguration - Started Eureka Server
2026-04-21 05:57:49.293 [main] INFO  [] o.s.b.w.e.tomcat.TomcatWebServer - Tomcat started on port 13983 (http) with context path ''
2026-04-21 05:57:49.297 [main] INFO  [] o.s.c.n.e.s.EurekaAutoServiceRegistration - Updating port to 13983
2026-04-21 05:57:49.300 [main] INFO  [] o.s.c.n.e.s.EurekaServiceRegistry - Registering application SERVICE-REGISTRY with eureka with status UP
2026-04-21 05:57:49.634 [main] INFO  [] c.c.registry.SecurityConfigTest - Started SecurityConfigTest in 18.173 seconds (process running for 25.016)
2026-04-21 05:57:53.037 [SpringApplicationShutdownHook] INFO  [] o.s.c.n.e.s.EurekaServiceRegistry - Unregistering application SERVICE-REGISTRY with eureka with status DOWN
2026-04-21 05:57:53.355 [SpringApplicationShutdownHook] INFO  [] o.s.c.n.e.s.EurekaServerBootstrap - Shutting down Eureka Server..
2026-04-21 05:57:53.372 [Eureka-Jersey3Client-Conn-Cleaner2] ERROR [] c.n.d.s.t.j.EurekaJersey3ClientImpl - Cannot clean connections
java.lang.IllegalStateException: Client instance has been closed.
	at org.glassfish.jersey.internal.guava.Preconditions.checkState(Preconditions.java:169)
	at org.glassfish.jersey.client.JerseyClient.checkNotClosed(JerseyClient.java:248)
	at org.glassfish.jersey.client.JerseyClient.getConfiguration(JerseyClient.java:363)
	at org.glassfish.jersey.client.JerseyClient.getConfiguration(JerseyClient.java:54)
	at com.netflix.discovery.shared.transport.jersey3.EurekaJersey3ClientImpl$ConnectionCleanerTask.run(EurekaJersey3ClientImpl.java:347)
	at java.base/java.util.concurrent.Executors$RunnableAdapter.call(Executors.java:539)
	at java.base/java.util.concurrent.FutureTask.run(FutureTask.java:264)
	at java.base/java.util.concurrent.ScheduledThreadPoolExecutor$ScheduledFutureTask.run(ScheduledThreadPoolExecutor.java:304)
	at java.base/java.util.concurrent.ThreadPoolExecutor.runWorker(ThreadPoolExecutor.java:1136)
	at java.base/java.util.concurrent.ThreadPoolExecutor$Worker.run(ThreadPoolExecutor.java:635)
	at java.base/java.lang.Thread.run(Thread.java:842)
2026-04-21 05:57:53.378 [SpringApplicationShutdownHook] INFO  [] o.s.c.n.e.s.EurekaServerBootstrap - Eureka Service is now shutdown...
2026-04-21 06:00:57.799 [main] INFO  [] c.c.registry.SecurityConfigTest - Starting SecurityConfigTest using Java 17.0.12 with PID 2372 (started by AP's_Lappy in D:\ConnectHub\connecthub-backend\service-registry)
2026-04-21 06:00:57.807 [main] INFO  [] c.c.registry.SecurityConfigTest - No active profile set, falling back to 1 default profile: "default"
2026-04-21 06:01:03.186 [main] INFO  [] o.s.cloud.context.scope.GenericScope - BeanFactory id=9c3b6b0e-d8ae-38c4-8095-9bd1f54a2639
2026-04-21 06:01:03.689 [main] WARN  [] o.s.c.s.PostProcessorRegistrationDelegate$BeanPostProcessorChecker - Bean 'org.springframework.cloud.client.loadbalancer.LoadBalancerAutoConfiguration$DeferringLoadBalancerInterceptorConfig' of type [org.springframework.cloud.client.loadbalancer.LoadBalancerAutoConfiguration$DeferringLoadBalancerInterceptorConfig] is not eligible for getting processed by all BeanPostProcessors (for example: not eligible for auto-proxying). The currently created BeanPostProcessor [lbRestClientPostProcessor] is declared through a non-static factory method on that class; consider declaring it as static instead.
2026-04-21 06:01:03.700 [main] WARN  [] o.s.c.s.PostProcessorRegistrationDelegate$BeanPostProcessorChecker - Bean 'deferringLoadBalancerInterceptor' of type [org.springframework.cloud.client.loadbalancer.DeferringLoadBalancerInterceptor] is not eligible for getting processed by all BeanPostProcessors (for example: not eligible for auto-proxying). Is this bean getting eagerly injected into a currently created BeanPostProcessor [lbRestClientPostProcessor]? Check the corresponding BeanPostProcessor declaration and its dependencies.
2026-04-21 06:01:04.845 [main] INFO  [] o.s.b.w.e.tomcat.TomcatWebServer - Tomcat initialized with port 0 (http)
2026-04-21 06:01:04.888 [main] INFO  [] o.a.coyote.http11.Http11NioProtocol - Initializing ProtocolHandler ["http-nio-auto-1"]
2026-04-21 06:01:04.893 [main] INFO  [] o.a.catalina.core.StandardService - Starting service [Tomcat]
2026-04-21 06:01:04.895 [main] INFO  [] o.a.catalina.core.StandardEngine - Starting Servlet engine: [Apache Tomcat/10.1.20]
2026-04-21 06:01:05.227 [main] INFO  [] o.a.c.c.C.[Tomcat].[localhost].[/] - Initializing Spring embedded WebApplicationContext
2026-04-21 06:01:05.229 [main] INFO  [] o.s.b.w.s.c.ServletWebServerApplicationContext - Root WebApplicationContext: initialization completed in 7314 ms
2026-04-21 06:01:12.459 [main] INFO  [] o.s.b.a.e.web.EndpointLinksResolver - Exposing 3 endpoint(s) beneath base path '/actuator'
2026-04-21 06:01:12.669 [main] INFO  [] o.s.s.web.DefaultSecurityFilterChain - Will secure any request with [org.springframework.security.web.session.DisableEncodeUrlFilter@74d682d, org.springframework.security.web.context.request.async.WebAsyncManagerIntegrationFilter@92d6fc0, org.springframework.security.web.context.SecurityContextHolderFilter@73a28617, org.springframework.security.web.header.HeaderWriterFilter@51e05e54, org.springframework.web.filter.CorsFilter@67d5ad55, org.springframework.security.web.authentication.logout.LogoutFilter@776ac775, org.springframework.security.web.savedrequest.RequestCacheAwareFilter@24efdd16, org.springframework.security.web.servletapi.SecurityContextHolderAwareRequestFilter@45c2fa2, org.springframework.security.web.authentication.AnonymousAuthenticationFilter@4b961cb6, org.springframework.security.web.access.ExceptionTranslationFilter@5e615573, org.springframework.security.web.access.intercept.AuthorizationFilter@2665016d]
2026-04-21 06:01:15.858 [main] WARN  [] o.s.c.l.c.LoadBalancerCacheAutoConfiguration$LoadBalancerCaffeineWarnLogger - Spring Cloud LoadBalancer is currently working with the default cache. While this cache implementation is useful for development and tests, it's recommended to use Caffeine cache in production.You can switch to using Caffeine cache, by adding it and org.springframework.cache.caffeine.CaffeineCacheManager to the classpath.
2026-04-21 06:01:15.952 [main] INFO  [] o.s.c.n.eureka.InstanceInfoFactory - Setting initial instance status as: STARTING
2026-04-21 06:01:17.193 [main] INFO  [] o.a.coyote.http11.Http11NioProtocol - Starting ProtocolHandler ["http-nio-auto-1"]
2026-04-21 06:01:17.210 [Thread-11] INFO  [] o.s.c.n.e.s.EurekaServerBootstrap - isAws returned false
2026-04-21 06:01:17.211 [Thread-11] INFO  [] o.s.c.n.e.s.EurekaServerBootstrap - Initialized server context
2026-04-21 06:01:17.231 [Thread-11] INFO  [] o.s.c.n.e.s.EurekaServerInitializerConfiguration - Started Eureka Server
2026-04-21 06:01:17.256 [main] INFO  [] o.s.b.w.e.tomcat.TomcatWebServer - Tomcat started on port 11040 (http) with context path ''
2026-04-21 06:01:17.259 [main] INFO  [] o.s.c.n.e.s.EurekaAutoServiceRegistration - Updating port to 11040
2026-04-21 06:01:17.262 [main] INFO  [] o.s.c.n.e.s.EurekaServiceRegistry - Registering application SERVICE-REGISTRY with eureka with status UP
2026-04-21 06:01:17.537 [main] INFO  [] c.c.registry.SecurityConfigTest - Started SecurityConfigTest in 23.079 seconds (process running for 28.378)
2026-04-21 06:01:20.449 [SpringApplicationShutdownHook] INFO  [] o.s.c.n.e.s.EurekaServiceRegistry - Unregistering application SERVICE-REGISTRY with eureka with status DOWN
2026-04-21 06:01:21.326 [SpringApplicationShutdownHook] INFO  [] o.s.c.n.e.s.EurekaServerBootstrap - Shutting down Eureka Server..
2026-04-21 06:01:21.369 [Eureka-Jersey3Client-Conn-Cleaner2] ERROR [] c.n.d.s.t.j.EurekaJersey3ClientImpl - Cannot clean connections
java.lang.IllegalStateException: Client instance has been closed.
	at org.glassfish.jersey.internal.guava.Preconditions.checkState(Preconditions.java:169)
	at org.glassfish.jersey.client.JerseyClient.checkNotClosed(JerseyClient.java:248)
	at org.glassfish.jersey.client.JerseyClient.getConfiguration(JerseyClient.java:363)
	at org.glassfish.jersey.client.JerseyClient.getConfiguration(JerseyClient.java:54)
	at com.netflix.discovery.shared.transport.jersey3.EurekaJersey3ClientImpl$ConnectionCleanerTask.run(EurekaJersey3ClientImpl.java:347)
	at java.base/java.util.concurrent.Executors$RunnableAdapter.call(Executors.java:539)
	at java.base/java.util.concurrent.FutureTask.run(FutureTask.java:264)
	at java.base/java.util.concurrent.ScheduledThreadPoolExecutor$ScheduledFutureTask.run(ScheduledThreadPoolExecutor.java:304)
	at java.base/java.util.concurrent.ThreadPoolExecutor.runWorker(ThreadPoolExecutor.java:1136)
	at java.base/java.util.concurrent.ThreadPoolExecutor$Worker.run(ThreadPoolExecutor.java:635)
	at java.base/java.lang.Thread.run(Thread.java:842)
2026-04-21 06:01:21.382 [SpringApplicationShutdownHook] INFO  [] o.s.c.n.e.s.EurekaServerBootstrap - Eureka Service is now shutdown...
2026-04-21 06:12:04.192 [main] INFO  [] c.c.registry.SecurityConfigTest - Starting SecurityConfigTest using Java 17.0.12 with PID 26976 (started by AP's_Lappy in D:\ConnectHub\connecthub-backend\service-registry)
2026-04-21 06:12:04.195 [main] INFO  [] c.c.registry.SecurityConfigTest - No active profile set, falling back to 1 default profile: "default"
2026-04-21 06:12:06.726 [main] INFO  [] o.s.cloud.context.scope.GenericScope - BeanFactory id=9c3b6b0e-d8ae-38c4-8095-9bd1f54a2639
2026-04-21 06:12:07.078 [main] WARN  [] o.s.c.s.PostProcessorRegistrationDelegate$BeanPostProcessorChecker - Bean 'org.springframework.cloud.client.loadbalancer.LoadBalancerAutoConfiguration$DeferringLoadBalancerInterceptorConfig' of type [org.springframework.cloud.client.loadbalancer.LoadBalancerAutoConfiguration$DeferringLoadBalancerInterceptorConfig] is not eligible for getting processed by all BeanPostProcessors (for example: not eligible for auto-proxying). The currently created BeanPostProcessor [lbRestClientPostProcessor] is declared through a non-static factory method on that class; consider declaring it as static instead.
2026-04-21 06:12:07.087 [main] WARN  [] o.s.c.s.PostProcessorRegistrationDelegate$BeanPostProcessorChecker - Bean 'deferringLoadBalancerInterceptor' of type [org.springframework.cloud.client.loadbalancer.DeferringLoadBalancerInterceptor] is not eligible for getting processed by all BeanPostProcessors (for example: not eligible for auto-proxying). Is this bean getting eagerly injected into a currently created BeanPostProcessor [lbRestClientPostProcessor]? Check the corresponding BeanPostProcessor declaration and its dependencies.
2026-04-21 06:12:07.596 [main] INFO  [] o.s.b.w.e.tomcat.TomcatWebServer - Tomcat initialized with port 0 (http)
2026-04-21 06:12:07.615 [main] INFO  [] o.a.coyote.http11.Http11NioProtocol - Initializing ProtocolHandler ["http-nio-auto-1"]
2026-04-21 06:12:07.618 [main] INFO  [] o.a.catalina.core.StandardService - Starting service [Tomcat]
2026-04-21 06:12:07.619 [main] INFO  [] o.a.catalina.core.StandardEngine - Starting Servlet engine: [Apache Tomcat/10.1.20]
2026-04-21 06:12:07.736 [main] INFO  [] o.a.c.c.C.[Tomcat].[localhost].[/] - Initializing Spring embedded WebApplicationContext
2026-04-21 06:12:07.737 [main] INFO  [] o.s.b.w.s.c.ServletWebServerApplicationContext - Root WebApplicationContext: initialization completed in 3469 ms
2026-04-21 06:12:11.318 [main] INFO  [] o.s.b.a.e.web.EndpointLinksResolver - Exposing 3 endpoint(s) beneath base path '/actuator'
2026-04-21 06:12:11.387 [main] INFO  [] o.s.s.web.DefaultSecurityFilterChain - Will secure any request with [org.springframework.security.web.session.DisableEncodeUrlFilter@3466cba1, org.springframework.security.web.context.request.async.WebAsyncManagerIntegrationFilter@371a3078, org.springframework.security.web.context.SecurityContextHolderFilter@2a8f3969, org.springframework.security.web.header.HeaderWriterFilter@383fc873, org.springframework.web.filter.CorsFilter@7859c88f, org.springframework.security.web.authentication.logout.LogoutFilter@6e3d6d79, org.springframework.security.web.savedrequest.RequestCacheAwareFilter@87babea, org.springframework.security.web.servletapi.SecurityContextHolderAwareRequestFilter@7d8f7059, org.springframework.security.web.authentication.AnonymousAuthenticationFilter@eae8dd, org.springframework.security.web.access.ExceptionTranslationFilter@24d10d40, org.springframework.security.web.access.intercept.AuthorizationFilter@4e29aac7]
2026-04-21 06:12:12.682 [main] WARN  [] o.s.c.l.c.LoadBalancerCacheAutoConfiguration$LoadBalancerCaffeineWarnLogger - Spring Cloud LoadBalancer is currently working with the default cache. While this cache implementation is useful for development and tests, it's recommended to use Caffeine cache in production.You can switch to using Caffeine cache, by adding it and org.springframework.cache.caffeine.CaffeineCacheManager to the classpath.
2026-04-21 06:12:12.727 [main] INFO  [] o.s.c.n.eureka.InstanceInfoFactory - Setting initial instance status as: STARTING
2026-04-21 06:12:13.745 [main] INFO  [] o.a.coyote.http11.Http11NioProtocol - Starting ProtocolHandler ["http-nio-auto-1"]
2026-04-21 06:12:13.764 [Thread-11] INFO  [] o.s.c.n.e.s.EurekaServerBootstrap - isAws returned false
2026-04-21 06:12:13.765 [Thread-11] INFO  [] o.s.c.n.e.s.EurekaServerBootstrap - Initialized server context
2026-04-21 06:12:13.781 [Thread-11] INFO  [] o.s.c.n.e.s.EurekaServerInitializerConfiguration - Started Eureka Server
2026-04-21 06:12:13.796 [main] INFO  [] o.s.b.w.e.tomcat.TomcatWebServer - Tomcat started on port 7333 (http) with context path ''
2026-04-21 06:12:13.798 [main] INFO  [] o.s.c.n.e.s.EurekaAutoServiceRegistration - Updating port to 7333
2026-04-21 06:12:13.800 [main] INFO  [] o.s.c.n.e.s.EurekaServiceRegistry - Registering application SERVICE-REGISTRY with eureka with status UP
2026-04-21 06:12:14.069 [main] INFO  [] c.c.registry.SecurityConfigTest - Started SecurityConfigTest in 12.095 seconds (process running for 29.263)
2026-04-21 06:12:15.979 [SpringApplicationShutdownHook] INFO  [] o.s.c.n.e.s.EurekaServiceRegistry - Unregistering application SERVICE-REGISTRY with eureka with status DOWN
2026-04-21 06:12:16.250 [SpringApplicationShutdownHook] INFO  [] o.s.c.n.e.s.EurekaServerBootstrap - Shutting down Eureka Server..
2026-04-21 06:12:16.265 [SpringApplicationShutdownHook] INFO  [] o.s.c.n.e.s.EurekaServerBootstrap - Eureka Service is now shutdown...
2026-04-21 06:12:16.261 [Eureka-Jersey3Client-Conn-Cleaner2] ERROR [] c.n.d.s.t.j.EurekaJersey3ClientImpl - Cannot clean connections
java.lang.IllegalStateException: Client instance has been closed.
	at org.glassfish.jersey.internal.guava.Preconditions.checkState(Preconditions.java:169)
	at org.glassfish.jersey.client.JerseyClient.checkNotClosed(JerseyClient.java:248)
	at org.glassfish.jersey.client.JerseyClient.getConfiguration(JerseyClient.java:363)
	at org.glassfish.jersey.client.JerseyClient.getConfiguration(JerseyClient.java:54)
	at com.netflix.discovery.shared.transport.jersey3.EurekaJersey3ClientImpl$ConnectionCleanerTask.run(EurekaJersey3ClientImpl.java:347)
	at java.base/java.util.concurrent.Executors$RunnableAdapter.call(Executors.java:539)
	at java.base/java.util.concurrent.FutureTask.run(FutureTask.java:264)
	at java.base/java.util.concurrent.ScheduledThreadPoolExecutor$ScheduledFutureTask.run(ScheduledThreadPoolExecutor.java:304)
	at java.base/java.util.concurrent.ThreadPoolExecutor.runWorker(ThreadPoolExecutor.java:1136)
	at java.base/java.util.concurrent.ThreadPoolExecutor$Worker.run(ThreadPoolExecutor.java:635)
	at java.base/java.lang.Thread.run(Thread.java:842)
2026-04-21 06:43:41.128 [main] INFO  [] c.c.registry.SecurityConfigTest - Starting SecurityConfigTest using Java 17.0.12 with PID 19792 (started by AP's_Lappy in D:\ConnectHub\connecthub-backend\service-registry)
2026-04-21 06:43:41.137 [main] INFO  [] c.c.registry.SecurityConfigTest - No active profile set, falling back to 1 default profile: "default"
2026-04-21 06:43:46.148 [main] INFO  [] o.s.cloud.context.scope.GenericScope - BeanFactory id=9c3b6b0e-d8ae-38c4-8095-9bd1f54a2639
2026-04-21 06:43:46.615 [main] WARN  [] o.s.c.s.PostProcessorRegistrationDelegate$BeanPostProcessorChecker - Bean 'org.springframework.cloud.client.loadbalancer.LoadBalancerAutoConfiguration$DeferringLoadBalancerInterceptorConfig' of type [org.springframework.cloud.client.loadbalancer.LoadBalancerAutoConfiguration$DeferringLoadBalancerInterceptorConfig] is not eligible for getting processed by all BeanPostProcessors (for example: not eligible for auto-proxying). The currently created BeanPostProcessor [lbRestClientPostProcessor] is declared through a non-static factory method on that class; consider declaring it as static instead.
2026-04-21 06:43:46.625 [main] WARN  [] o.s.c.s.PostProcessorRegistrationDelegate$BeanPostProcessorChecker - Bean 'deferringLoadBalancerInterceptor' of type [org.springframework.cloud.client.loadbalancer.DeferringLoadBalancerInterceptor] is not eligible for getting processed by all BeanPostProcessors (for example: not eligible for auto-proxying). Is this bean getting eagerly injected into a currently created BeanPostProcessor [lbRestClientPostProcessor]? Check the corresponding BeanPostProcessor declaration and its dependencies.
2026-04-21 06:43:47.546 [main] INFO  [] o.s.b.w.e.tomcat.TomcatWebServer - Tomcat initialized with port 0 (http)
2026-04-21 06:43:47.573 [main] INFO  [] o.a.coyote.http11.Http11NioProtocol - Initializing ProtocolHandler ["http-nio-auto-1"]
2026-04-21 06:43:47.577 [main] INFO  [] o.a.catalina.core.StandardService - Starting service [Tomcat]
2026-04-21 06:43:47.579 [main] INFO  [] o.a.catalina.core.StandardEngine - Starting Servlet engine: [Apache Tomcat/10.1.20]
2026-04-21 06:43:47.767 [main] INFO  [] o.a.c.c.C.[Tomcat].[localhost].[/] - Initializing Spring embedded WebApplicationContext
2026-04-21 06:43:47.768 [main] INFO  [] o.s.b.w.s.c.ServletWebServerApplicationContext - Root WebApplicationContext: initialization completed in 6472 ms
2026-04-21 06:43:54.203 [main] INFO  [] o.s.b.a.e.web.EndpointLinksResolver - Exposing 3 endpoint(s) beneath base path '/actuator'
2026-04-21 06:43:54.306 [main] INFO  [] o.s.s.web.DefaultSecurityFilterChain - Will secure any request with [org.springframework.security.web.session.DisableEncodeUrlFilter@63143b83, org.springframework.security.web.context.request.async.WebAsyncManagerIntegrationFilter@1fa21cb8, org.springframework.security.web.context.SecurityContextHolderFilter@4850a747, org.springframework.security.web.header.HeaderWriterFilter@58576690, org.springframework.web.filter.CorsFilter@491a40f, org.springframework.security.web.authentication.logout.LogoutFilter@2239cf41, org.springframework.security.web.savedrequest.RequestCacheAwareFilter@793704af, org.springframework.security.web.servletapi.SecurityContextHolderAwareRequestFilter@6ea7fdc5, org.springframework.security.web.authentication.AnonymousAuthenticationFilter@22604e1c, org.springframework.security.web.access.ExceptionTranslationFilter@45c2fa2, org.springframework.security.web.access.intercept.AuthorizationFilter@45c721b8]
2026-04-21 06:43:55.824 [main] WARN  [] o.s.c.l.c.LoadBalancerCacheAutoConfiguration$LoadBalancerCaffeineWarnLogger - Spring Cloud LoadBalancer is currently working with the default cache. While this cache implementation is useful for development and tests, it's recommended to use Caffeine cache in production.You can switch to using Caffeine cache, by adding it and org.springframework.cache.caffeine.CaffeineCacheManager to the classpath.
2026-04-21 06:43:55.881 [main] INFO  [] o.s.c.n.eureka.InstanceInfoFactory - Setting initial instance status as: STARTING
2026-04-21 06:43:57.353 [main] INFO  [] o.a.coyote.http11.Http11NioProtocol - Starting ProtocolHandler ["http-nio-auto-1"]
2026-04-21 06:43:57.375 [Thread-11] INFO  [] o.s.c.n.e.s.EurekaServerBootstrap - isAws returned false
2026-04-21 06:43:57.375 [Thread-11] INFO  [] o.s.c.n.e.s.EurekaServerBootstrap - Initialized server context
2026-04-21 06:43:57.398 [Thread-11] INFO  [] o.s.c.n.e.s.EurekaServerInitializerConfiguration - Started Eureka Server
2026-04-21 06:43:57.418 [main] INFO  [] o.s.b.w.e.tomcat.TomcatWebServer - Tomcat started on port 6986 (http) with context path ''
2026-04-21 06:43:57.420 [main] INFO  [] o.s.c.n.e.s.EurekaAutoServiceRegistration - Updating port to 6986
2026-04-21 06:43:57.421 [main] INFO  [] o.s.c.n.e.s.EurekaServiceRegistry - Registering application SERVICE-REGISTRY with eureka with status UP
2026-04-21 06:43:57.654 [main] INFO  [] c.c.registry.SecurityConfigTest - Started SecurityConfigTest in 20.255 seconds (process running for 25.283)
2026-04-21 06:44:00.353 [SpringApplicationShutdownHook] INFO  [] o.s.c.n.e.s.EurekaServiceRegistry - Unregistering application SERVICE-REGISTRY with eureka with status DOWN
2026-04-21 06:44:00.693 [SpringApplicationShutdownHook] INFO  [] o.s.c.n.e.s.EurekaServerBootstrap - Shutting down Eureka Server..
2026-04-21 06:44:00.743 [Eureka-Jersey3Client-Conn-Cleaner2] ERROR [] c.n.d.s.t.j.EurekaJersey3ClientImpl - Cannot clean connections
java.lang.IllegalStateException: Client instance has been closed.
	at org.glassfish.jersey.internal.guava.Preconditions.checkState(Preconditions.java:169)
	at org.glassfish.jersey.client.JerseyClient.checkNotClosed(JerseyClient.java:248)
	at org.glassfish.jersey.client.JerseyClient.getConfiguration(JerseyClient.java:363)
	at org.glassfish.jersey.client.JerseyClient.getConfiguration(JerseyClient.java:54)
	at com.netflix.discovery.shared.transport.jersey3.EurekaJersey3ClientImpl$ConnectionCleanerTask.run(EurekaJersey3ClientImpl.java:347)
	at java.base/java.util.concurrent.Executors$RunnableAdapter.call(Executors.java:539)
	at java.base/java.util.concurrent.FutureTask.run(FutureTask.java:264)
	at java.base/java.util.concurrent.ScheduledThreadPoolExecutor$ScheduledFutureTask.run(ScheduledThreadPoolExecutor.java:304)
	at java.base/java.util.concurrent.ThreadPoolExecutor.runWorker(ThreadPoolExecutor.java:1136)
	at java.base/java.util.concurrent.ThreadPoolExecutor$Worker.run(ThreadPoolExecutor.java:635)
	at java.base/java.lang.Thread.run(Thread.java:842)
2026-04-21 06:44:00.753 [SpringApplicationShutdownHook] INFO  [] o.s.c.n.e.s.EurekaServerBootstrap - Eureka Service is now shutdown...
